0 info it worked if it ends with ok
1 verbose cli [ '/usr/local/bin/node',
1 verbose cli   '/usr/local/bin/npm',
1 verbose cli   'run',
1 verbose cli   'babel-node',
1 verbose cli   'index.js' ]
2 info using npm@3.10.7
3 info using node@v6.6.0
4 verbose run-script [ 'prebabel-node', 'babel-node', 'postbabel-node' ]
5 info lifecycle server@1.0.0~prebabel-node: server@1.0.0
6 silly lifecycle server@1.0.0~prebabel-node: no script for prebabel-node, continuing
7 info lifecycle server@1.0.0~babel-node: server@1.0.0
8 verbose lifecycle server@1.0.0~babel-node: unsafe-perm in lifecycle true
9 verbose lifecycle server@1.0.0~babel-node: PATH: /usr/local/lib/node_modules/npm/bin/node-gyp-bin:/Users/joepsnijders/Projecten/Envirolist/Application/Server/node_modules/.bin:/Library/Frameworks/Python.framework/Versions/3.5/bin:/usr/local/bin:/usr/bin:/bin:/usr/sbin:/sbin:/opt/X11/bin
10 verbose lifecycle server@1.0.0~babel-node: CWD: /Users/joepsnijders/Projecten/Envirolist/Application/Server
11 silly lifecycle server@1.0.0~babel-node: Args: [ '-c',
11 silly lifecycle   'babel-node --presets=es2015 --ignore=\'foo|bar|baz\' "index.js"' ]
12 silly lifecycle server@1.0.0~babel-node: Returned: code: 1  signal: null
13 info lifecycle server@1.0.0~babel-node: Failed to exec babel-node script
14 verbose stack Error: server@1.0.0 babel-node: `babel-node --presets=es2015 --ignore='foo|bar|baz' "index.js"`
14 verbose stack Exit status 1
14 verbose stack     at EventEmitter.<anonymous> (/usr/local/lib/node_modules/npm/lib/utils/lifecycle.js:255:16)
14 verbose stack     at emitTwo (events.js:106:13)
14 verbose stack     at EventEmitter.emit (events.js:191:7)
14 verbose stack     at ChildProcess.<anonymous> (/usr/local/lib/node_modules/npm/lib/utils/spawn.js:40:14)
14 verbose stack     at emitTwo (events.js:106:13)
14 verbose stack     at ChildProcess.emit (events.js:191:7)
14 verbose stack     at maybeClose (internal/child_process.js:877:16)
14 verbose stack     at Process.ChildProcess._handle.onexit (internal/child_process.js:226:5)
15 verbose pkgid server@1.0.0
16 verbose cwd /Users/joepsnijders/Projecten/Envirolist/Application/Server
17 error Darwin 16.1.0
18 error argv "/usr/local/bin/node" "/usr/local/bin/npm" "run" "babel-node" "index.js"
19 error node v6.6.0
20 error npm  v3.10.7
21 error code ELIFECYCLE
22 error server@1.0.0 babel-node: `babel-node --presets=es2015 --ignore='foo|bar|baz' "index.js"`
22 error Exit status 1
23 error Failed at the server@1.0.0 babel-node script 'babel-node --presets=es2015 --ignore='foo|bar|baz' "index.js"'.
23 error Make sure you have the latest version of node.js and npm installed.
23 error If you do, this is most likely a problem with the server package,
23 error not with npm itself.
23 error Tell the author that this fails on your system:
23 error     babel-node --presets=es2015 --ignore='foo|bar|baz' "index.js"
23 error You can get information on how to open an issue for this project with:
23 error     npm bugs server
23 error Or if that isn't available, you can get their info via:
23 error     npm owner ls server
23 error There is likely additional logging output above.
24 verbose exit [ 1, true ]
